[2026-03-03 02:09:31,682 ] 1025 httpx - INFO - HTTP Request: GET https://dagshub.com/api/v1/user "HTTP/1.1 200 OK"
[2026-03-03 02:09:31,707 ] 107 dagshub - INFO - Accessing as Sujit-Rukade
[2026-03-03 02:09:33,629 ] 1025 httpx - INFO - HTTP Request: GET https://dagshub.com/api/v1/repos/Sujit-Rukade/Network-Security "HTTP/1.1 200 OK"
[2026-03-03 02:09:35,626 ] 1025 httpx - INFO - HTTP Request: GET https://dagshub.com/api/v1/user "HTTP/1.1 200 OK"
[2026-03-03 02:09:35,631 ] 107 dagshub - INFO - Initialized MLflow to track repo "Sujit-Rukade/Network-Security"
[2026-03-03 02:09:35,632 ] 107 dagshub - INFO - Repository Sujit-Rukade/Network-Security initialized!
[2026-03-03 02:09:37,268 ] 38 root - INFO - Start data Ingestion
[2026-03-03 02:09:43,498 ] 68 root - INFO - Performed train test split on the dataframe
[2026-03-03 02:09:43,498 ] 70 root - INFO - Exited split_data_as_train_test method of Data_Ingestion class
[2026-03-03 02:09:43,514 ] 78 root - INFO - Exporting train and test file path.
[2026-03-03 02:09:43,630 ] 87 root - INFO - Exported train and test file path.
[2026-03-03 02:09:43,631 ] 41 root - INFO - Data Ingestion completed and artifact: DataIngestionArtifact(trained_file_path='Artifacts\\03_03_2026_02_09_06\\data_ingestion\\ingested\\train.csv', test_file_path='Artifacts\\03_03_2026_02_09_06\\data_ingestion\\ingested\\test.csv')
[2026-03-03 02:09:43,652 ] 51 root - INFO - Initiate the data Validation
[2026-03-03 02:09:43,703 ] 36 root - INFO - Required number of columns: 31
[2026-03-03 02:09:43,703 ] 37 root - INFO - Dataframe columns count: 31
[2026-03-03 02:09:43,703 ] 36 root - INFO - Required number of columns: 31
[2026-03-03 02:09:43,703 ] 37 root - INFO - Dataframe columns count: 31
[2026-03-03 02:09:43,703 ] 58 root - INFO - All numerical columns are present
[2026-03-03 02:09:43,704 ] 58 root - INFO - All numerical columns are present
[2026-03-03 02:09:43,704 ] 81 root - INFO - Column names validation passed
[2026-03-03 02:09:43,704 ] 81 root - INFO - Column names validation passed
[2026-03-03 02:09:44,045 ] 69 root - INFO - Entered initiate_data_transformation method of DataTransformation class
[2026-03-03 02:09:44,045 ] 71 root - INFO - Starting data transformation
[2026-03-03 02:09:44,097 ] 52 root - INFO - Entered get_data_transformer_object method of Trnasformation class
[2026-03-03 02:09:44,097 ] 57 root - INFO - Initialise KNNImputer with {'missing_values': nan, 'n_neighbors': 3, 'weights': 'uniform'}
[2026-03-03 02:09:44,171 ] 51 root - INFO - Entered the save_object method of MainUtils class
[2026-03-03 02:09:44,188 ] 55 root - INFO - Exited the save_object method of MainUtils class
[2026-03-03 02:09:44,188 ] 51 root - INFO - Entered the save_object method of MainUtils class
[2026-03-03 02:09:44,193 ] 55 root - INFO - Exited the save_object method of MainUtils class
