[2026-03-03 02:03:37,380 ] 1025 httpx - INFO - HTTP Request: GET https://dagshub.com/api/v1/user "HTTP/1.1 200 OK"
[2026-03-03 02:03:37,462 ] 107 dagshub - INFO - Accessing as Sujit-Rukade
[2026-03-03 02:03:39,855 ] 1025 httpx - INFO - HTTP Request: GET https://dagshub.com/api/v1/repos/Sujit-Rukade/Network-Security "HTTP/1.1 200 OK"
[2026-03-03 02:03:41,779 ] 1025 httpx - INFO - HTTP Request: GET https://dagshub.com/api/v1/user "HTTP/1.1 200 OK"
[2026-03-03 02:03:41,783 ] 107 dagshub - INFO - Initialized MLflow to track repo "Sujit-Rukade/Network-Security"
[2026-03-03 02:03:41,785 ] 107 dagshub - INFO - Repository Sujit-Rukade/Network-Security initialized!
[2026-03-03 02:05:06,731 ] 38 root - INFO - Start data Ingestion
[2026-03-03 02:05:15,075 ] 68 root - INFO - Performed train test split on the dataframe
[2026-03-03 02:05:15,075 ] 70 root - INFO - Exited split_data_as_train_test method of Data_Ingestion class
[2026-03-03 02:05:15,076 ] 78 root - INFO - Exporting train and test file path.
[2026-03-03 02:05:15,386 ] 87 root - INFO - Exported train and test file path.
[2026-03-03 02:05:15,390 ] 41 root - INFO - Data Ingestion completed and artifact: DataIngestionArtifact(trained_file_path='Artifacts\\03_03_2026_02_02_44\\data_ingestion\\ingested\\train.csv', test_file_path='Artifacts\\03_03_2026_02_02_44\\data_ingestion\\ingested\\test.csv')
[2026-03-03 02:05:15,440 ] 51 root - INFO - Initiate the data Validation
[2026-03-03 02:05:15,579 ] 36 root - INFO - Required number of columns: 31
[2026-03-03 02:05:15,579 ] 37 root - INFO - Dataframe columns count: 31
[2026-03-03 02:05:15,579 ] 36 root - INFO - Required number of columns: 31
[2026-03-03 02:05:15,580 ] 37 root - INFO - Dataframe columns count: 31
[2026-03-03 02:05:15,580 ] 58 root - INFO - All numerical columns are present
[2026-03-03 02:05:15,580 ] 58 root - INFO - All numerical columns are present
[2026-03-03 02:05:15,581 ] 81 root - INFO - Column names validation passed
[2026-03-03 02:05:15,581 ] 81 root - INFO - Column names validation passed
